<?xml version="1.0" encoding="UTF-8"?>
<testsuite name="TypesTableTest" tests="1" skipped="0" failures="0" errors="0" timestamp="2018-10-26T19:50:10" hostname="Admin-pc" time="0.021">
  <properties/>
  <testcase name="testSolution1" classname="TypesTableTest" time="0.021"/>
  <system-out><![CDATA[]]></system-out>
  <system-err><![CDATA[]]></system-err>
</testsuite>
